#
# There is insufficient memory for the Java Runtime Environment to continue.
# Native memory allocation (malloc) failed to allocate 683072 bytes for Chunk::new
# Possible reasons:
#   The system is out of physical RAM or swap space
#   The process is running with CompressedOops enabled, and the Java Heap may be blocking the growth of the native heap
# Possible solutions:
#   Reduce memory load on the system
#   Increase physical memory or swap space
#   Check if swap backing store is full
#   Decrease Java heap size (-Xmx/-Xms)
#   Decrease number of Java threads
#   Decrease Java thread stack sizes (-Xss)
#   Set larger code cache with -XX:ReservedCodeCacheSize=
#   JVM is running with Zero Based Compressed Oops mode in which the Java heap is
#     placed in the first 32GB address space. The Java Heap base address is the
#     maximum limit for the native heap growth. Please use -XX:HeapBaseMinAddress
#     to set the Java Heap base and to place the Java Heap above 32GB virtual address.
# This output file may be truncated or incomplete.
#
#  Out of Memory Error (arena.cpp:168), pid=21080, tid=16204
#
# JRE version: Java(TM) SE Runtime Environment (21.0.7+8) (build 21.0.7+8-LTS-245)
# Java VM: Java HotSpot(TM) 64-Bit Server VM (21.0.7+8-LTS-245, mixed mode, sharing, tiered, compressed oops, compressed class ptrs, g1 gc, windows-amd64)
# No core dump will be written. Minidumps are not enabled by default on client versions of Windows
#

---------------  S U M M A R Y ------------

Command Line: -Dclassworlds.conf=C:\Users\Bruno\.m2\wrapper\dists\apache-maven-3.9.9\977a63e90f436cd6ade95b4c0e10c20c\bin\m2.conf -Dmaven.home=C:\Users\Bruno\.m2\wrapper\dists\apache-maven-3.9.9\977a63e90f436cd6ade95b4c0e10c20c -Dlibrary.jansi.path=C:\Users\Bruno\.m2\wrapper\dists\apache-maven-3.9.9\977a63e90f436cd6ade95b4c0e10c20c\lib\jansi-native -Dmaven.multiModuleProjectDirectory=C:\Users\Bruno\Desktop\ai-image-toolkit\backend org.codehaus.plexus.classworlds.launcher.Launcher spring-boot:run

Host: 11th Gen Intel(R) Core(TM) i5-11400H @ 2.70GHz, 12 cores, 15G,  Windows 11 , 64 bit Build 22621 (10.0.22621.4391)
Time: Thu Jun  5 00:42:32 2025 Hora de verano romance elapsed time: 0.481064 seconds (0d 0h 0m 0s)

---------------  T H R E A D  ---------------

Current thread (0x0000022ad0c7ee00):  JavaThread "C2 CompilerThread0" daemon [_thread_in_native, id=16204, stack(0x00000081eb500000,0x00000081eb600000) (1024K)]


Current CompileTask:
C2:    481 1098   !   4       sun.nio.cs.StreamDecoder::read (78 bytes)

Stack: [0x00000081eb500000,0x00000081eb600000]
Native frames: (J=compiled Java code, j=interpreted, Vv=VM code, C=native code)
V  [jvm.dll+0x6cae19]
V  [jvm.dll+0x855741]
V  [jvm.dll+0x857c6e]
V  [jvm.dll+0x858343]
V  [jvm.dll+0x27e0b6]
V  [jvm.dll+0xc4ecd]
V  [jvm.dll+0xc5403]
V  [jvm.dll+0x3b578c]
V  [jvm.dll+0x381e25]
V  [jvm.dll+0x38129a]
V  [jvm.dll+0x246b30]
V  [jvm.dll+0x24610f]
V  [jvm.dll+0x1c6efe]
V  [jvm.dll+0x255819]
V  [jvm.dll+0x253daa]
V  [jvm.dll+0x3eebb6]
V  [jvm.dll+0x7ffa1b]
V  [jvm.dll+0x6c94fd]
C  [ucrtbase.dll+0x29333]
C  [KERNEL32.DLL+0x1259d]
C  [ntdll.dll+0x5af38]


---------------  P R O C E S S  ---------------

Threads class SMR info:
_java_thread_list=0x0000022b16505c90, length=11, elements={
0x0000022aaf441b80, 0x0000022ad0c4b9a0, 0x0000022ad0c4c6b0, 0x0000022ad0c4e860,
0x0000022ad0c516b0, 0x0000022ad0c52100, 0x0000022ad0c5ab60, 0x0000022ad0c7ee00,
0x0000022ad0c7f890, 0x0000022b16145570, 0x0000022b16152800
}

Java Threads: ( => current thread )
  0x0000022aaf441b80 JavaThread "main"                              [_thread_in_Java, id=18896, stack(0x00000081ea700000,0x00000081ea800000) (1024K)]
  0x0000022ad0c4b9a0 JavaThread "Reference Handler"          daemon [_thread_blocked, id=18316, stack(0x00000081eaf00000,0x00000081eb000000) (1024K)]
  0x0000022ad0c4c6b0 JavaThread "Finalizer"                  daemon [_thread_blocked, id=10300, stack(0x00000081eb000000,0x00000081eb100000) (1024K)]
  0x0000022ad0c4e860 JavaThread "Signal Dispatcher"          daemon [_thread_blocked, id=16616, stack(0x00000081eb100000,0x00000081eb200000) (1024K)]
  0x0000022ad0c516b0 JavaThread "Attach Listener"            daemon [_thread_blocked, id=17432, stack(0x00000081eb200000,0x00000081eb300000) (1024K)]
  0x0000022ad0c52100 JavaThread "Service Thread"             daemon [_thread_blocked, id=7104, stack(0x00000081eb300000,0x00000081eb400000) (1024K)]
  0x0000022ad0c5ab60 JavaThread "Monitor Deflation Thread"   daemon [_thread_blocked, id=20604, stack(0x00000081eb400000,0x00000081eb500000) (1024K)]
=>0x0000022ad0c7ee00 JavaThread "C2 CompilerThread0"         daemon [_thread_in_native, id=16204, stack(0x00000081eb500000,0x00000081eb600000) (1024K)]
  0x0000022ad0c7f890 JavaThread "C1 CompilerThread0"         daemon [_thread_blocked, id=12484, stack(0x00000081eb600000,0x00000081eb700000) (1024K)]
  0x0000022b16145570 JavaThread "Notification Thread"        daemon [_thread_blocked, id=14344, stack(0x00000081eb700000,0x00000081eb800000) (1024K)]
  0x0000022b16152800 JavaThread "Common-Cleaner"             daemon [_thread_blocked, id=548, stack(0x00000081eb800000,0x00000081eb900000) (1024K)]
Total: 11

Other Threads:
  0x0000022ad0c30660 VMThread "VM Thread"                           [id=20152, stack(0x00000081eae00000,0x00000081eaf00000) (1024K)]
  0x0000022ad0c1e440 WatcherThread "VM Periodic Task Thread"        [id=4732, stack(0x00000081ead00000,0x00000081eae00000) (1024K)]
  0x0000022ab1764b60 WorkerThread "GC Thread#0"                     [id=16508, stack(0x00000081ea800000,0x00000081ea900000) (1024K)]
  0x0000022b16d41a60 WorkerThread "GC Thread#1"                     [id=20392, stack(0x00000081eb900000,0x00000081eba00000) (1024K)]
  0x0000022b165ffda0 WorkerThread "GC Thread#2"                     [id=5772, stack(0x00000081eba00000,0x00000081ebb00000) (1024K)]
  0x0000022b16600140 WorkerThread "GC Thread#3"                     [id=5256, stack(0x00000081ebb00000,0x00000081ebc00000) (1024K)]
  0x0000022b166004e0 WorkerThread "GC Thread#4"                     [id=18364, stack(0x00000081ebc00000,0x00000081ebd00000) (1024K)]
  0x0000022b16909640 WorkerThread "GC Thread#5"                     [id=11344, stack(0x00000081ebd00000,0x00000081ebe00000) (1024K)]
  0x0000022b16c853a0 WorkerThread "GC Thread#6"                     [id=20096, stack(0x00000081ebe00000,0x00000081ebf00000) (1024K)]
  0x0000022b16c85740 WorkerThread "GC Thread#7"                     [id=2080, stack(0x00000081ebf00000,0x00000081ec000000) (1024K)]
  0x0000022ab1777890 ConcurrentGCThread "G1 Main Marker"            [id=892, stack(0x00000081ea900000,0x00000081eaa00000) (1024K)]
  0x0000022ab1778aa0 WorkerThread "G1 Conc#0"                       [id=19176, stack(0x00000081eaa00000,0x00000081eab00000) (1024K)]
  0x0000022ab17be810 ConcurrentGCThread "G1 Refine#0"               [id=18888, stack(0x00000081eab00000,0x00000081eac00000) (1024K)]
  0x0000022ad0aef9c0 ConcurrentGCThread "G1 Service"                [id=20020, stack(0x00000081eac00000,0x00000081ead00000) (1024K)]
Total: 14

Threads with active compile tasks:
C2 CompilerThread0      495 1098   !   4       sun.nio.cs.StreamDecoder::read (78 bytes)
Total: 1

VM state: not at safepoint (normal execution)

VM Mutex/Monitor currently owned by a thread: None

Heap address: 0x0000000703800000, size: 4040 MB, Compressed Oops mode: Zero based, Oop shift amount: 3

CDS archive(s) mapped at: [0x0000022ad1000000-0x0000022ad1c90000-0x0000022ad1c90000), size 13172736, SharedBaseAddress: 0x0000022ad1000000, ArchiveRelocationMode: 1.
Compressed class space mapped at: 0x0000022ad2000000-0x0000022b12000000, reserved size: 1073741824
Narrow klass base: 0x0000022ad1000000, Narrow klass shift: 0, Narrow klass range: 0x100000000

GC Precious Log:
 CardTable entry size: 512
 Card Set container configuration: InlinePtr #cards 4 size 8 Array Of Cards #cards 16 size 48 Howl #buckets 8 coarsen threshold 3686 Howl Bitmap #cards 512 size 80 coarsen threshold 460 Card regions per heap region 1 cards per card region 4096
 CPUs: 12 total, 12 available
 Memory: 16154M
 Large Page Support: Disabled
 NUMA Support: Disabled
 Compressed Oops: Enabled (Zero based)
 Heap Region Size: 2M
 Heap Min Capacity: 8M
 Heap Initial Capacity: 254M
 Heap Max Capacity: 4040M
 Pre-touch: Disabled
 Parallel Workers: 10
 Concurrent Workers: 3
 Concurrent Refinement Workers: 10
 Periodic GC: Disabled

Heap:
 garbage-first heap   total 260096K, used 6133K [0x0000000703800000, 0x0000000800000000)
  region size 2048K, 4 young (8192K), 2 survivors (4096K)
 Metaspace       used 5759K, committed 5952K, reserved 1114112K
  class space    used 667K, committed 768K, reserved 1048576K

Heap Regions: E=young(eden), S=young(survivor), O=old, HS=humongous(starts), HC=humongous(continues), CS=collection set, F=free, TAMS=top-at-mark-start, PB=parsable bottom
|   0|0x0000000703800000, 0x0000000703800000, 0x0000000703a00000|  0%| F|  |TAMS 0x0000000703800000| PB 0x0000000703800000| Untracked 
|   1|0x0000000703a00000, 0x0000000703a00000, 0x0000000703c00000|  0%| F|  |TAMS 0x0000000703a00000| PB 0x0000000703a00000| Untracked 
|   2|0x0000000703c00000, 0x0000000703c00000, 0x0000000703e00000|  0%| F|  |TAMS 0x0000000703c00000| PB 0x0000000703c00000| Untracked 
|   3|0x0000000703e00000, 0x0000000703e00000, 0x0000000704000000|  0%| F|  |TAMS 0x0000000703e00000| PB 0x0000000703e00000| Untracked 
|   4|0x0000000704000000, 0x0000000704000000, 0x0000000704200000|  0%| F|  |TAMS 0x0000000704000000| PB 0x0000000704000000| Untracked 
|   5|0x0000000704200000, 0x0000000704200000, 0x0000000704400000|  0%| F|  |TAMS 0x0000000704200000| PB 0x0000000704200000| Untracked 
|   6|0x0000000704400000, 0x0000000704400000, 0x0000000704600000|  0%| F|  |TAMS 0x0000000704400000| PB 0x0000000704400000| Untracked 
|   7|0x0000000704600000, 0x0000000704600000, 0x0000000704800000|  0%| F|  |TAMS 0x0000000704600000| PB 0x0000000704600000| Untracked 
|   8|0x0000000704800000, 0x0000000704800000, 0x0000000704a00000|  0%| F|  |TAMS 0x0000000704800000| PB 0x0000000704800000| Untracked 
|   9|0x0000000704a00000, 0x0000000704a00000, 0x0000000704c00000|  0%| F|  |TAMS 0x0000000704a00000| PB 0x0000000704a00000| Untracked 
|  10|0x0000000704c00000, 0x0000000704c00000, 0x0000000704e00000|  0%| F|  |TAMS 0x0000000704c00000| PB 0x0000000704c00000| Untracked 
|  11|0x0000000704e00000, 0x0000000704e00000, 0x0000000705000000|  0%| F|  |TAMS 0x0000000704e00000| PB 0x0000000704e00000| Untracked 
|  12|0x0000000705000000, 0x0000000705000000, 0x0000000705200000|  0%| F|  |TAMS 0x0000000705000000| PB 0x0000000705000000| Untracked 
|  13|0x0000000705200000, 0x0000000705200000, 0x0000000705400000|  0%| F|  |TAMS 0x0000000705200000| PB 0x0000000705200000| Untracked 
|  14|0x0000000705400000, 0x0000000705400000, 0x0000000705600000|  0%| F|  |TAMS 0x0000000705400000| PB 0x0000000705400000| Untracked 
|  15|0x0000000705600000, 0x0000000705600000, 0x0000000705800000|  0%| F|  |TAMS 0x0000000705600000| PB 0x0000000705600000| Untracked 
|  16|0x0000000705800000, 0x0000000705800000, 0x0000000705a00000|  0%| F|  |TAMS 0x0000000705800000| PB 0x0000000705800000| Untracked 
|  17|0x0000000705a00000, 0x0000000705a00000, 0x0000000705c00000|  0%| F|  |TAMS 0x0000000705a00000| PB 0x0000000705a00000| Untracked 
|  18|0x0000000705c00000, 0x0000000705c00000, 0x0000000705e00000|  0%| F|  |TAMS 0x0000000705c00000| PB 0x0000000705c00000| Untracked 
|  19|0x0000000705e00000, 0x0000000705e00000, 0x0000000706000000|  0%| F|  |TAMS 0x0000000705e00000| PB 0x0000000705e00000| Untracked 
|  20|0x0000000706000000, 0x0000000706000000, 0x0000000706200000|  0%| F|  |TAMS 0x0000000706000000| PB 0x0000000706000000| Untracked 
|  21|0x0000000706200000, 0x0000000706200000, 0x0000000706400000|  0%| F|  |TAMS 0x0000000706200000| PB 0x0000000706200000| Untracked 
|  22|0x0000000706400000, 0x0000000706400000, 0x0000000706600000|  0%| F|  |TAMS 0x0000000706400000| PB 0x0000000706400000| Untracked 
|  23|0x0000000706600000, 0x0000000706600000, 0x0000000706800000|  0%| F|  |TAMS 0x0000000706600000| PB 0x0000000706600000| Untracked 
|  24|0x0000000706800000, 0x0000000706800000, 0x0000000706a00000|  0%| F|  |TAMS 0x0000000706800000| PB 0x0000000706800000| Untracked 
|  25|0x0000000706a00000, 0x0000000706a00000, 0x0000000706c00000|  0%| F|  |TAMS 0x0000000706a00000| PB 0x0000000706a00000| Untracked 
|  26|0x0000000706c00000, 0x0000000706c00000, 0x0000000706e00000|  0%| F|  |TAMS 0x0000000706c00000| PB 0x0000000706c00000| Untracked 
|  27|0x0000000706e00000, 0x0000000706e00000, 0x0000000707000000|  0%| F|  |TAMS 0x0000000706e00000| PB 0x0000000706e00000| Untracked 
|  28|0x0000000707000000, 0x0000000707000000, 0x0000000707200000|  0%| F|  |TAMS 0x0000000707000000| PB 0x0000000707000000| Untracked 
|  29|0x0000000707200000, 0x0000000707200000, 0x0000000707400000|  0%| F|  |TAMS 0x0000000707200000| PB 0x0000000707200000| Untracked 
|  30|0x0000000707400000, 0x0000000707400000, 0x0000000707600000|  0%| F|  |TAMS 0x0000000707400000| PB 0x0000000707400000| Untracked 
|  31|0x0000000707600000, 0x0000000707600000, 0x0000000707800000|  0%| F|  |TAMS 0x0000000707600000| PB 0x0000000707600000| Untracked 
|  32|0x0000000707800000, 0x0000000707800000, 0x0000000707a00000|  0%| F|  |TAMS 0x0000000707800000| PB 0x0000000707800000| Untracked 
|  33|0x0000000707a00000, 0x0000000707a00000, 0x0000000707c00000|  0%| F|  |TAMS 0x0000000707a00000| PB 0x0000000707a00000| Untracked 
|  34|0x0000000707c00000, 0x0000000707c00000, 0x0000000707e00000|  0%| F|  |TAMS 0x0000000707c00000| PB 0x0000000707c00000| Untracked 
|  35|0x0000000707e00000, 0x0000000707e00000, 0x0000000708000000|  0%| F|  |TAMS 0x0000000707e00000| PB 0x0000000707e00000| Untracked 
|  36|0x0000000708000000, 0x0000000708000000, 0x0000000708200000|  0%| F|  |TAMS 0x0000000708000000| PB 0x0000000708000000| Untracked 
|  37|0x0000000708200000, 0x0000000708200000, 0x0000000708400000|  0%| F|  |TAMS 0x0000000708200000| PB 0x0000000708200000| Untracked 
|  38|0x0000000708400000, 0x0000000708400000, 0x0000000708600000|  0%| F|  |TAMS 0x0000000708400000| PB 0x0000000708400000| Untracked 
|  39|0x0000000708600000, 0x0000000708600000, 0x0000000708800000|  0%| F|  |TAMS 0x0000000708600000| PB 0x0000000708600000| Untracked 
|  40|0x0000000708800000, 0x0000000708800000, 0x0000000708a00000|  0%| F|  |TAMS 0x0000000708800000| PB 0x0000000708800000| Untracked 
|  41|0x0000000708a00000, 0x0000000708a00000, 0x0000000708c00000|  0%| F|  |TAMS 0x0000000708a00000| PB 0x0000000708a00000| Untracked 
|  42|0x0000000708c00000, 0x0000000708c00000, 0x0000000708e00000|  0%| F|  |TAMS 0x0000000708c00000| PB 0x0000000708c00000| Untracked 
|  43|0x0000000708e00000, 0x0000000708e00000, 0x0000000709000000|  0%| F|  |TAMS 0x0000000708e00000| PB 0x0000000708e00000| Untracked 
|  44|0x0000000709000000, 0x0000000709000000, 0x0000000709200000|  0%| F|  |TAMS 0x0000000709000000| PB 0x0000000709000000| Untracked 
|  45|0x0000000709200000, 0x0000000709200000, 0x0000000709400000|  0%| F|  |TAMS 0x0000000709200000| PB 0x0000000709200000| Untracked 
|  46|0x0000000709400000, 0x0000000709400000, 0x0000000709600000|  0%| F|  |TAMS 0x0000000709400000| PB 0x0000000709400000| Untracked 
|  47|0x0000000709600000, 0x0000000709600000, 0x0000000709800000|  0%| F|  |TAMS 0x0000000709600000| PB 0x0000000709600000| Untracked 
|  48|0x0000000709800000, 0x0000000709800000, 0x0000000709a00000|  0%| F|  |TAMS 0x0000000709800000| PB 0x0000000709800000| Untracked 
|  49|0x0000000709a00000, 0x0000000709a00000, 0x0000000709c00000|  0%| F|  |TAMS 0x0000000709a00000| PB 0x0000000709a00000| Untracked 
|  50|0x0000000709c00000, 0x0000000709c00000, 0x0000000709e00000|  0%| F|  |TAMS 0x0000000709c00000| PB 0x0000000709c00000| Untracked 
|  51|0x0000000709e00000, 0x0000000709e00000, 0x000000070a000000|  0%| F|  |TAMS 0x0000000709e00000| PB 0x0000000709e00000| Untracked 
|  52|0x000000070a000000, 0x000000070a000000, 0x000000070a200000|  0%| F|  |TAMS 0x000000070a000000| PB 0x000000070a000000| Untracked 
|  53|0x000000070a200000, 0x000000070a200000, 0x000000070a400000|  0%| F|  |TAMS 0x000000070a200000| PB 0x000000070a200000| Untracked 
|  54|0x000000070a400000, 0x000000070a400000, 0x000000070a600000|  0%| F|  |TAMS 0x000000070a400000| PB 0x000000070a400000| Untracked 
|  55|0x000000070a600000, 0x000000070a600000, 0x000000070a800000|  0%| F|  |TAMS 0x000000070a600000| PB 0x000000070a600000| Untracked 
|  56|0x000000070a800000, 0x000000070a800000, 0x000000070aa00000|  0%| F|  |TAMS 0x000000070a800000| PB 0x000000070a800000| Untracked 
|  57|0x000000070aa00000, 0x000000070aa00000, 0x000000070ac00000|  0%| F|  |TAMS 0x000000070aa00000| PB 0x000000070aa00000| Untracked 
|  58|0x000000070ac00000, 0x000000070ac00000, 0x000000070ae00000|  0%| F|  |TAMS 0x000000070ac00000| PB 0x000000070ac00000| Untracked 
|  59|0x000000070ae00000, 0x000000070ae00000, 0x000000070b000000|  0%| F|  |TAMS 0x000000070ae00000| PB 0x000000070ae00000| Untracked 
|  60|0x000000070b000000, 0x000000070b000000, 0x000000070b200000|  0%| F|  |TAMS 0x000000070b000000| PB 0x000000070b000000| Untracked 
|  61|0x000000070b200000, 0x000000070b200000, 0x000000070b400000|  0%| F|  |TAMS 0x000000070b200000| PB 0x000000070b200000| Untracked 
|  62|0x000000070b400000, 0x000000070b400000, 0x000000070b600000|  0%| F|  |TAMS 0x000000070b400000| PB 0x000000070b400000| Untracked 
|  63|0x000000070b600000, 0x000000070b600000, 0x000000070b800000|  0%| F|  |TAMS 0x000000070b600000| PB 0x000000070b600000| Untracked 
|  64|0x000000070b800000, 0x000000070b800000, 0x000000070ba00000|  0%| F|  |TAMS 0x000000070b800000| PB 0x000000070b800000| Untracked 
|  65|0x000000070ba00000, 0x000000070ba00000, 0x000000070bc00000|  0%| F|  |TAMS 0x000000070ba00000| PB 0x000000070ba00000| Untracked 
|  66|0x000000070bc00000, 0x000000070bc00000, 0x000000070be00000|  0%| F|  |TAMS 0x000000070bc00000| PB 0x000000070bc00000| Untracked 
|  67|0x000000070be00000, 0x000000070be00000, 0x000000070c000000|  0%| F|  |TAMS 0x000000070be00000| PB 0x000000070be00000| Untracked 
|  68|0x000000070c000000, 0x000000070c000000, 0x000000070c200000|  0%| F|  |TAMS 0x000000070c000000| PB 0x000000070c000000| Untracked 
|  69|0x000000070c200000, 0x000000070c200000, 0x000000070c400000|  0%| F|  |TAMS 0x000000070c200000| PB 0x000000070c200000| Untracked 
|  70|0x000000070c400000, 0x000000070c400000, 0x000000070c600000|  0%| F|  |TAMS 0x000000070c400000| PB 0x000000070c400000| Untracked 
|  71|0x000000070c600000, 0x000000070c600000, 0x000000070c800000|  0%| F|  |TAMS 0x000000070c600000| PB 0x000000070c600000| Untracked 
|  72|0x000000070c800000, 0x000000070c800000, 0x000000070ca00000|  0%| F|  |TAMS 0x000000070c800000| PB 0x000000070c800000| Untracked 
|  73|0x000000070ca00000, 0x000000070ca00000, 0x000000070cc00000|  0%| F|  |TAMS 0x000000070ca00000| PB 0x000000070ca00000| Untracked 
|  74|0x000000070cc00000, 0x000000070cc00000, 0x000000070ce00000|  0%| F|  |TAMS 0x000000070cc00000| PB 0x000000070cc00000| Untracked 
|  75|0x000000070ce00000, 0x000000070ce00000, 0x000000070d000000|  0%| F|  |TAMS 0x000000070ce00000| PB 0x000000070ce00000| Untracked 
|  76|0x000000070d000000, 0x000000070d000000, 0x000000070d200000|  0%| F|  |TAMS 0x000000070d000000| PB 0x000000070d000000| Untracked 
|  77|0x000000070d200000, 0x000000070d200000, 0x000000070d400000|  0%| F|  |TAMS 0x000000070d200000| PB 0x000000070d200000| Untracked 
|  78|0x000000070d400000, 0x000000070d400000, 0x000000070d600000|  0%| F|  |TAMS 0x000000070d400000| PB 0x000000070d400000| Untracked 
|  79|0x000000070d600000, 0x000000070d600000, 0x000000070d800000|  0%| F|  |TAMS 0x000000070d600000| PB 0x000000070d600000| Untracked 
|  80|0x000000070d800000, 0x000000070d800000, 0x000000070da00000|  0%| F|  |TAMS 0x000000070d800000| PB 0x000000070d800000| Untracked 
|  81|0x000000070da00000, 0x000000070da00000, 0x000000070dc00000|  0%| F|  |TAMS 0x000000070da00000| PB 0x000000070da00000| Untracked 
|  82|0x000000070dc00000, 0x000000070dc00000, 0x000000070de00000|  0%| F|  |TAMS 0x000000070dc00000| PB 0x000000070dc00000| Untracked 
|  83|0x000000070de00000, 0x000000070de00000, 0x000000070e000000|  0%| F|  |TAMS 0x000000070de00000| PB 0x000000070de00000| Untracked 
|  84|0x000000070e000000, 0x000000070e000000, 0x000000070e200000|  0%| F|  |TAMS 0x000000070e000000| PB 0x000000070e000000| Untracked 
|  85|0x000000070e200000, 0x000000070e200000, 0x000000070e400000|  0%| F|  |TAMS 0x000000070e200000| PB 0x000000070e200000| Untracked 
|  86|0x000000070e400000, 0x000000070e400000, 0x000000070e600000|  0%| F|  |TAMS 0x000000070e400000| PB 0x000000070e400000| Untracked 
|  87|0x000000070e600000, 0x000000070e600000, 0x000000070e800000|  0%| F|  |TAMS 0x000000070e600000| PB 0x000000070e600000| Untracked 
|  88|0x000000070e800000, 0x000000070e800000, 0x000000070ea00000|  0%| F|  |TAMS 0x000000070e800000| PB 0x000000070e800000| Untracked 
|  89|0x000000070ea00000, 0x000000070ea00000, 0x000000070ec00000|  0%| F|  |TAMS 0x000000070ea00000| PB 0x000000070ea00000| Untracked 
|  90|0x000000070ec00000, 0x000000070ec00000, 0x000000070ee00000|  0%| F|  |TAMS 0x000000070ec00000| PB 0x000000070ec00000| Untracked 
|  91|0x000000070ee00000, 0x000000070ee00000, 0x000000070f000000|  0%| F|  |TAMS 0x000000070ee00000| PB 0x000000070ee00000| Untracked 
|  92|0x000000070f000000, 0x000000070f000000, 0x000000070f200000|  0%| F|  |TAMS 0x000000070f000000| PB 0x000000070f000000| Untracked 
|  93|0x000000070f200000, 0x000000070f200000, 0x000000070f400000|  0%| F|  |TAMS 0x000000070f200000| PB 0x000000070f200000| Untracked 
|  94|0x000000070f400000, 0x000000070f400000, 0x000000070f600000|  0%| F|  |TAMS 0x000000070f400000| PB 0x000000070f400000| Untracked 
|  95|0x000000070f600000, 0x000000070f600000, 0x000000070f800000|  0%| F|  |TAMS 0x000000070f600000| PB 0x000000070f600000| Untracked 
|  96|0x000000070f800000, 0x000000070f800000, 0x000000070fa00000|  0%| F|  |TAMS 0x000000070f800000| PB 0x000000070f800000| Untracked 
|  97|0x000000070fa00000, 0x000000070fa00000, 0x000000070fc00000|  0%| F|  |TAMS 0x000000070fa00000| PB 0x000000070fa00000| Untracked 
|  98|0x000000070fc00000, 0x000000070fc00000, 0x000000070fe00000|  0%| F|  |TAMS 0x000000070fc00000| PB 0x000000070fc00000| Untracked 
|  99|0x000000070fe00000, 0x000000070fe00000, 0x0000000710000000|  0%| F|  |TAMS 0x000000070fe00000| PB 0x000000070fe00000| Untracked 
| 100|0x0000000710000000, 0x0000000710000000, 0x0000000710200000|  0%| F|  |TAMS 0x0000000710000000| PB 0x0000000710000000| Untracked 
| 101|0x0000000710200000, 0x0000000710200000, 0x0000000710400000|  0%| F|  |TAMS 0x0000000710200000| PB 0x0000000710200000| Untracked 
| 102|0x0000000710400000, 0x0000000710400000, 0x0000000710600000|  0%| F|  |TAMS 0x0000000710400000| PB 0x0000000710400000| Untracked 
| 103|0x0000000710600000, 0x0000000710600000, 0x0000000710800000|  0%| F|  |TAMS 0x0000000710600000| PB 0x0000000710600000| Untracked 
| 104|0x0000000710800000, 0x0000000710800000, 0x0000000710a00000|  0%| F|  |TAMS 0x0000000710800000| PB 0x0000000710800000| Untracked 
| 105|0x0000000710a00000, 0x0000000710a00000, 0x0000000710c00000|  0%| F|  |TAMS 0x0000000710a00000| PB 0x0000000710a00000| Untracked 
| 106|0x0000000710c00000, 0x0000000710c00000, 0x0000000710e00000|  0%| F|  |TAMS 0x0000000710c00000| PB 0x0000000710c00000| Untracked 
| 107|0x0000000710e00000, 0x0000000710e00000, 0x0000000711000000|  0%| F|  |TAMS 0x0000000710e00000| PB 0x0000000710e00000| Untracked 
| 108|0x0000000711000000, 0x0000000711000000, 0x0000000711200000|  0%| F|  |TAMS 0x0000000711000000| PB 0x0000000711000000| Untracked 
| 109|0x0000000711200000, 0x0000000711200000, 0x0000000711400000|  0%| F|  |TAMS 0x0000000711200000| PB 0x0000000711200000| Untracked 
| 110|0x0000000711400000, 0x0000000711400000, 0x0000000711600000|  0%| F|  |TAMS 0x0000000711400000| PB 0x0000000711400000| Untracked 
| 111|0x0000000711600000, 0x0000000711600000, 0x0000000711800000|  0%| F|  |TAMS 0x0000000711600000| PB 0x0000000711600000| Untracked 
| 112|0x0000000711800000, 0x0000000711800000, 0x0000000711a00000|  0%| F|  |TAMS 0x0000000711800000| PB 0x0000000711800000| Untracked 
| 113|0x0000000711a00000, 0x0000000711a00000, 0x0000000711c00000|  0%| F|  |TAMS 0x0000000711a00000| PB 0x0000000711a00000| Untracked 
| 114|0x0000000711c00000, 0x0000000711dfd4f8, 0x0000000711e00000| 99%| S|CS|TAMS 0x0000000711c00000| PB 0x0000000711c00000| Complete 
| 115|0x0000000711e00000, 0x0000000712000000, 0x0000000712000000|100%| S|CS|TAMS 0x0000000711e00000| PB 0x0000000711e00000| Complete 
| 116|0x0000000712000000, 0x0000000712000000, 0x0000000712200000|  0%| F|  |TAMS 0x0000000712000000| PB 0x0000000712000000| Untracked 
| 117|0x0000000712200000, 0x0000000712200000, 0x0000000712400000|  0%| F|  |TAMS 0x0000000712200000| PB 0x0000000712200000| Untracked 
| 118|0x0000000712400000, 0x0000000712400000, 0x0000000712600000|  0%| F|  |TAMS 0x0000000712400000| PB 0x0000000712400000| Untracked 
| 119|0x0000000712600000, 0x0000000712600000, 0x0000000712800000|  0%| F|  |TAMS 0x0000000712600000| PB 0x0000000712600000| Untracked 
| 120|0x0000000712800000, 0x0000000712800000, 0x0000000712a00000|  0%| F|  |TAMS 0x0000000712800000| PB 0x0000000712800000| Untracked 
| 121|0x0000000712a00000, 0x0000000712a00000, 0x0000000712c00000|  0%| F|  |TAMS 0x0000000712a00000| PB 0x0000000712a00000| Untracked 
| 122|0x0000000712c00000, 0x0000000712c00000, 0x0000000712e00000|  0%| F|  |TAMS 0x0000000712c00000| PB 0x0000000712c00000| Untracked 
| 123|0x0000000712e00000, 0x0000000712e00000, 0x0000000713000000|  0%| F|  |TAMS 0x0000000712e00000| PB 0x0000000712e00000| Untracked 
| 124|0x0000000713000000, 0x0000000713057088, 0x0000000713200000| 16%| E|  |TAMS 0x0000000713000000| PB 0x0000000713000000| Complete 
| 125|0x0000000713200000, 0x0000000713400000, 0x0000000713400000|100%| E|CS|TAMS 0x0000000713200000| PB 0x0000000713200000| Complete 
| 126|0x0000000713400000, 0x0000000713600000, 0x0000000713600000|100%| E|CS|TAMS 0x0000000713400000| PB 0x0000000713400000| Complete 

Card table byte_map: [0x0000022ac98e0000,0x0000022aca0d0000] _byte_map_base: 0x0000022ac60c4000

Marking Bits: (CMBitMap*) 0x0000022ab1765160
 Bits: [0x0000022aca0d0000, 0x0000022acdff0000)

Polling page: 0x0000022ab0ec0000

Metaspace:

Usage:
  Non-class:      4.98 MB used.
      Class:    670.77 KB used.
       Both:      5.64 MB used.

Virtual space:
  Non-class space:       64.00 MB reserved,       5.06 MB (  8%) committed,  1 nodes.
      Class space:        1.00 GB reserved,     768.00 KB ( <1%) committed,  1 nodes.
             Both:        1.06 GB reserved,       5.81 MB ( <1%) committed. 

Chunk freelists:
   Non-Class:  9.09 MB
       Class:  15.27 MB
        Both:  24.36 MB

MaxMetaspaceSize: unlimited
CompressedClassSpaceSize: 1.00 GB
Initial GC threshold: 21.00 MB
Current GC threshold: 21.00 MB
CDS: on
 - commit_granule_bytes: 65536.
 - commit_granule_words: 8192.
 - virtual_space_node_default_size: 8388608.
 - enlarge_chunks_in_place: 1.
 - use_allocation_guard: 0.


Internal statistics:

num_allocs_failed_limit: 0.
num_arena_births: 66.
num_arena_deaths: 0.
num_vsnodes_births: 2.
num_vsnodes_deaths: 0.
num_space_committed: 93.
num_space_uncommitted: 0.
num_chunks_returned_to_freelist: 0.
num_chunks_taken_from_freelist: 230.
num_chunk_merges: 0.
num_chunk_splits: 147.
num_chunks_enlarged: 120.
num_inconsistent_stats: 0.

CodeHeap 'non-profiled nmethods': size=120000Kb used=349Kb max_used=349Kb free=119650Kb
 bounds [0x0000022ac1660000, 0x0000022ac18d0000, 0x0000022ac8b90000]
CodeHeap 'profiled nmethods': size=120000Kb used=2248Kb max_used=2248Kb free=117751Kb
 bounds [0x0000022ab9b90000, 0x0000022ab9e00000, 0x0000022ac10c0000]
CodeHeap 'non-nmethods': size=5760Kb used=1492Kb max_used=1511Kb free=4267Kb
 bounds [0x0000022ac10c0000, 0x0000022ac1330000, 0x0000022ac1660000]
 total_blobs=1589 nmethods=1126 adapters=368
 compilation: enabled
              stopped_count=0, restarted_count=0
 full_count=0

Compilation events (20 events):
Event: 0.467 Thread 0x0000022ad0c7f890 1119       3       org.codehaus.plexus.util.xml.pull.MXParser::isWhitespace (114 bytes)
Event: 0.467 Thread 0x0000022ad0c7f890 nmethod 1119 0x0000022ab9db7310 code [0x0000022ab9db7540, 0x0000022ab9db7d90]
Event: 0.467 Thread 0x0000022ad0c7f890 1120       3       org.codehaus.plexus.util.xml.pull.MXParser::nextTag (82 bytes)
Event: 0.468 Thread 0x0000022ad0c7f890 nmethod 1120 0x0000022ab9db7f90 code [0x0000022ab9db8220, 0x0000022ab9db8b88]
Event: 0.468 Thread 0x0000022ad0c7f890 1122       3       org.codehaus.plexus.util.xml.pull.MXParser::getText (125 bytes)
Event: 0.468 Thread 0x0000022ad0c7f890 nmethod 1122 0x0000022ab9db8f10 code [0x0000022ab9db9100, 0x0000022ab9db9648]
Event: 0.469 Thread 0x0000022ad0c7f890 1124       3       org.codehaus.plexus.util.xml.pull.MXParser::ensureElementsCapacity (265 bytes)
Event: 0.469 Thread 0x0000022ad0c7f890 nmethod 1124 0x0000022ab9db9790 code [0x0000022ab9db9a00, 0x0000022ab9dbaad8]
Event: 0.469 Thread 0x0000022ad0c7f890 1125       3       java.util.TreeMap$PrivateEntryIterator::hasNext (13 bytes)
Event: 0.469 Thread 0x0000022ad0c7f890 nmethod 1125 0x0000022ab9dbad90 code [0x0000022ab9dbaf20, 0x0000022ab9dbb090]
Event: 0.469 Thread 0x0000022ad0c7f890 1126       3       org.eclipse.sisu.plexus.PlexusXmlScanner::TEXT (10 bytes)
Event: 0.469 Thread 0x0000022ad0c7f890 nmethod 1126 0x0000022ab9dbb110 code [0x0000022ab9dbb300, 0x0000022ab9dbb6b0]
Event: 0.469 Thread 0x0000022ad0c7f890 1128       3       java.lang.ClassLoader::getNamedPackage (73 bytes)
Event: 0.470 Thread 0x0000022ad0c7f890 nmethod 1128 0x0000022ab9dbb890 code [0x0000022ab9dbba80, 0x0000022ab9dbbfe0]
Event: 0.470 Thread 0x0000022ad0c7f890 1127       3       org.codehaus.plexus.util.xml.pull.MXParser::nextText (103 bytes)
Event: 0.470 Thread 0x0000022ad0c7f890 nmethod 1127 0x0000022ab9dbc190 code [0x0000022ab9dbc460, 0x0000022ab9dbd000]
Event: 0.470 Thread 0x0000022ad0c7f890 1130       3       java.lang.AbstractStringBuilder::charAt (36 bytes)
Event: 0.471 Thread 0x0000022ad0c7f890 nmethod 1130 0x0000022ab9dbd490 code [0x0000022ab9dbd660, 0x0000022ab9dbd998]
Event: 0.471 Thread 0x0000022ad0c7f890 1129       3       java.lang.StringBuilder::charAt (6 bytes)
Event: 0.471 Thread 0x0000022ad0c7f890 nmethod 1129 0x0000022ab9dbdb10 code [0x0000022ab9dbdcc0, 0x0000022ab9dbde00]

GC Heap History (2 events):
Event: 0.474 GC heap before
{Heap before GC invocations=0 (full 0):
 garbage-first heap   total 260096K, used 22528K [0x0000000703800000, 0x0000000800000000)
  region size 2048K, 11 young (22528K), 0 survivors (0K)
 Metaspace       used 5633K, committed 5824K, reserved 1114112K
  class space    used 649K, committed 768K, reserved 1048576K
}
Event: 0.478 GC heap after
{Heap after GC invocations=1 (full 0):
 garbage-first heap   total 260096K, used 4085K [0x0000000703800000, 0x0000000800000000)
  region size 2048K, 2 young (4096K), 2 survivors (4096K)
 Metaspace       used 5633K, committed 5824K, reserved 1114112K
  class space    used 649K, committed 768K, reserved 1048576K
}

Dll operation events (8 events):
Event: 0.005 Loaded shared library C:\Program Files\Java\jdk-21\bin\java.dll
Event: 0.035 Loaded shared library C:\Program Files\Java\jdk-21\bin\jsvml.dll
Event: 0.043 Loaded shared library C:\Program Files\Java\jdk-21\bin\net.dll
Event: 0.045 Loaded shared library C:\Program Files\Java\jdk-21\bin\nio.dll
Event: 0.048 Loaded shared library C:\Program Files\Java\jdk-21\bin\zip.dll
Event: 0.179 Loaded shared library C:\Program Files\Java\jdk-21\bin\jimage.dll
Event: 0.180 Loaded shared library C:\Users\Bruno\.m2\wrapper\dists\apache-maven-3.9.9\977a63e90f436cd6ade95b4c0e10c20c\lib\jansi-native\Windows\x86_64\jansi.dll
Event: 0.191 Loaded shared library C:\Program Files\Java\jdk-21\bin\verify.dll

Deoptimization events (20 events):
Event: 0.427 Thread 0x0000022aaf441b80 DEOPT PACKING pc=0x0000022ac16aef4c sp=0x00000081ea7fce10
Event: 0.427 Thread 0x0000022aaf441b80 DEOPT UNPACKING pc=0x0000022ac1117da2 sp=0x00000081ea7fcd88 mode 2
Event: 0.427 Thread 0x0000022aaf441b80 Uncommon trap: trap_request=0xffffffde fr.pc=0x0000022ac16aef4c relative=0x000000000000012c
Event: 0.427 Thread 0x0000022aaf441b80 Uncommon trap: reason=class_check action=maybe_recompile pc=0x0000022ac16aef4c method=jdk.internal.misc.Unsafe.allocateUninitializedArray(Ljava/lang/Class;I)Ljava/lang/Object; @ 51 c2
Event: 0.427 Thread 0x0000022aaf441b80 DEOPT PACKING pc=0x0000022ac16aef4c sp=0x00000081ea7fcce0
Event: 0.427 Thread 0x0000022aaf441b80 DEOPT UNPACKING pc=0x0000022ac1117da2 sp=0x00000081ea7fcc58 mode 2
Event: 0.449 Thread 0x0000022aaf441b80 Uncommon trap: trap_request=0xffffff6e fr.pc=0x0000022ac1691098 relative=0x0000000000000458
Event: 0.449 Thread 0x0000022aaf441b80 Uncommon trap: reason=loop_limit_check action=maybe_recompile pc=0x0000022ac1691098 method=java.lang.StringLatin1.indexOf([BI[BII)I @ 37 c2
Event: 0.449 Thread 0x0000022aaf441b80 DEOPT PACKING pc=0x0000022ac1691098 sp=0x00000081ea7fdc70
Event: 0.449 Thread 0x0000022aaf441b80 DEOPT UNPACKING pc=0x0000022ac1117da2 sp=0x00000081ea7fdbd0 mode 2
Event: 0.450 Thread 0x0000022aaf441b80 Uncommon trap: trap_request=0xffffff76 fr.pc=0x0000022ac1696380 relative=0x0000000000000320
Event: 0.450 Thread 0x0000022aaf441b80 Uncommon trap: reason=predicate action=maybe_recompile pc=0x0000022ac1696380 method=java.util.regex.Pattern$BmpCharPropertyGreedy.match(Ljava/util/regex/Matcher;ILjava/lang/CharSequence;)Z @ 12 c2
Event: 0.450 Thread 0x0000022aaf441b80 DEOPT PACKING pc=0x0000022ac1696380 sp=0x00000081ea7fdd30
Event: 0.450 Thread 0x0000022aaf441b80 DEOPT UNPACKING pc=0x0000022ac1117da2 sp=0x00000081ea7fdce8 mode 2
Event: 0.451 Thread 0x0000022aaf441b80 Uncommon trap: trap_request=0xffffff45 fr.pc=0x0000022ac168e9e4 relative=0x00000000000000c4
Event: 0.451 Thread 0x0000022aaf441b80 Uncommon trap: reason=unstable_if action=reinterpret pc=0x0000022ac168e9e4 method=org.codehaus.plexus.util.xml.pull.MXParser.more()C @ 8 c2
Event: 0.451 Thread 0x0000022aaf441b80 DEOPT PACKING pc=0x0000022ac168e9e4 sp=0x00000081ea7fe100
Event: 0.451 Thread 0x0000022aaf441b80 DEOPT UNPACKING pc=0x0000022ac1117da2 sp=0x00000081ea7fe090 mode 2
Event: 0.466 Thread 0x0000022aaf441b80 DEOPT PACKING pc=0x0000022ab9da2616 sp=0x00000081ea7fd580
Event: 0.466 Thread 0x0000022aaf441b80 DEOPT UNPACKING pc=0x0000022ac11188e2 sp=0x00000081ea7fc9d0 mode 0

Classes loaded (20 events):
Event: 0.432 Loading class java/util/concurrent/TimeoutException
Event: 0.432 Loading class java/util/concurrent/TimeoutException done
Event: 0.432 Loading class java/util/concurrent/CancellationException
Event: 0.432 Loading class java/util/concurrent/CancellationException done
Event: 0.433 Loading class java/security/PrivilegedActionException
Event: 0.433 Loading class java/security/PrivilegedActionException done
Event: 0.433 Loading class sun/misc/Unsafe
Event: 0.433 Loading class sun/misc/Unsafe done
Event: 0.433 Loading class java/lang/invoke/DirectMethodHandle$StaticAccessor
Event: 0.433 Loading class java/lang/invoke/DirectMethodHandle$StaticAccessor done
Event: 0.436 Loading class java/lang/reflect/ParameterizedType
Event: 0.436 Loading class java/lang/reflect/ParameterizedType done
Event: 0.438 Loading class java/lang/reflect/WildcardType
Event: 0.438 Loading class java/lang/reflect/WildcardType done
Event: 0.440 Loading class sun/reflect/generics/tree/TypeVariableSignature
Event: 0.440 Loading class sun/reflect/generics/tree/TypeVariableSignature done
Event: 0.448 Loading class java/lang/annotation/IncompleteAnnotationException
Event: 0.448 Loading class java/lang/annotation/IncompleteAnnotationException done
Event: 0.472 Loading class java/lang/foreign/MemorySegment
Event: 0.472 Loading class java/lang/foreign/MemorySegment done

Classes unloaded (0 events):
No events

Classes redefined (0 events):
No events

Internal exceptions (20 events):
Event: 0.184 Thread 0x0000022aaf441b80 Exception <a 'java/lang/NullPointerException'{0x00000007131a9eb8}> (0x00000007131a9eb8) 
thrown [s\open\src\hotspot\share\interpreter\linkResolver.cpp, line 1372]
Event: 0.184 Thread 0x0000022aaf441b80 Exception <a 'java/lang/NullPointerException'{0x00000007131aa198}> (0x00000007131aa198) 
thrown [s\open\src\hotspot\share\interpreter\linkResolver.cpp, line 1372]
Event: 0.184 Thread 0x0000022aaf441b80 Exception <a 'java/lang/NullPointerException'{0x00000007131aa478}> (0x00000007131aa478) 
thrown [s\open\src\hotspot\share\interpreter\linkResolver.cpp, line 1372]
Event: 0.185 Thread 0x0000022aaf441b80 Exception <a 'java/lang/NullPointerException'{0x00000007131b0440}> (0x00000007131b0440) 
thrown [s\open\src\hotspot\share\interpreter\linkResolver.cpp, line 1372]
Event: 0.187 Thread 0x0000022aaf441b80 Exception <a 'java/lang/NullPointerException'{0x00000007131c3ab0}> (0x00000007131c3ab0) 
thrown [s\open\src\hotspot\share\interpreter\linkResolver.cpp, line 1372]
Event: 0.187 Thread 0x0000022aaf441b80 Exception <a 'java/lang/NullPointerException'{0x00000007131c3d90}> (0x00000007131c3d90) 
thrown [s\open\src\hotspot\share\interpreter\linkResolver.cpp, line 1372]
Event: 0.187 Thread 0x0000022aaf441b80 Exception <a 'java/lang/NullPointerException'{0x00000007131c4070}> (0x00000007131c4070) 
thrown [s\open\src\hotspot\share\interpreter\linkResolver.cpp, line 1372]
Event: 0.187 Thread 0x0000022aaf441b80 Exception <a 'java/lang/NullPointerException'{0x00000007131c4350}> (0x00000007131c4350) 
thrown [s\open\src\hotspot\share\interpreter\linkResolver.cpp, line 1372]
Event: 0.197 Thread 0x0000022aaf441b80 Exception <a 'java/lang/NoSuchMethodError'{0x0000000712e6af10}: 'void java.lang.invoke.DirectMethodHandle$Holder.invokeStatic(java.lang.Object, java.lang.Object)'> (0x0000000712e6af10) 
thrown [s\open\src\hotspot\share\interpreter\linkResolver.cpp, line 773]
Event: 0.198 Thread 0x0000022aaf441b80 Exception <a 'java/lang/NoSuchMethodError'{0x0000000712e6e2f0}: 'void java.lang.invoke.DirectMethodHandle$Holder.invokeStaticInit(java.lang.Object, java.lang.Object)'> (0x0000000712e6e2f0) 
thrown [s\open\src\hotspot\share\interpreter\linkResolver.cpp, line 773]
Event: 0.203 Thread 0x0000022aaf441b80 Exception <a 'java/lang/NoSuchMethodError'{0x0000000712f15450}: 'void java.lang.invoke.DirectMethodHandle$Holder.invokeStatic(java.lang.Object, java.lang.Object, java.lang.Object)'> (0x0000000712f15450) 
thrown [s\open\src\hotspot\share\interpreter\linkResolver.cpp, line 773]
Event: 0.246 Thread 0x0000022aaf441b80 Exception <a 'java/lang/NoSuchMethodError'{0x0000000712c89c18}: 'java.lang.Object java.lang.invoke.DirectMethodHandle$Holder.invokeSpecialIFC(java.lang.Object, java.lang.Object, java.lang.Object, java.lang.Object)'> (0x0000000712c89c18) 
thrown [s\open\src\hotspot\share\interpreter\linkResolver.cpp, line 773]
Event: 0.362 Thread 0x0000022aaf441b80 Exception <a 'java/lang/NoSuchMethodError'{0x0000000712639c88}: 'void java.lang.invoke.DirectMethodHandle$Holder.invokeSpecial(java.lang.Object, java.lang.Object, java.lang.Object)'> (0x0000000712639c88) 
thrown [s\open\src\hotspot\share\interpreter\linkResolver.cpp, line 773]
Event: 0.383 Thread 0x0000022aaf441b80 Exception <a 'java/lang/NoSuchMethodError'{0x000000071278ada8}: 'java.lang.Object java.lang.invoke.DirectMethodHandle$Holder.invokeInterface(java.lang.Object, java.lang.Object)'> (0x000000071278ada8) 
thrown [s\open\src\hotspot\share\interpreter\linkResolver.cpp, line 773]
Event: 0.394 Thread 0x0000022aaf441b80 Exception <a 'java/lang/NoSuchMethodError'{0x0000000712427d78}: 'int java.lang.invoke.DirectMethodHandle$Holder.invokeStatic(java.lang.Object, java.lang.Object, java.lang.Object, java.lang.Object)'> (0x0000000712427d78) 
thrown [s\open\src\hotspot\share\interpreter\linkResolver.cpp, line 773]
Event: 0.394 Thread 0x0000022aaf441b80 Exception <a 'java/lang/NoSuchMethodError'{0x000000071242b408}: 'java.lang.Object java.lang.invoke.Invokers$Holder.invokeExact_MT(java.lang.Object, java.lang.Object, java.lang.Object, java.lang.Object, java.lang.Object, java.lang.Object)'> (0x000000071242b408) 
thrown [s\open\src\hotspot\share\interpreter\linkResolver.cpp, line 773]
Event: 0.396 Thread 0x0000022aaf441b80 Exception <a 'java/lang/NoSuchMethodError'{0x0000000712439a98}: 'int java.lang.invoke.DirectMethodHandle$Holder.invokeSpecialIFC(java.lang.Object, java.lang.Object, java.lang.Object, java.lang.Object, java.lang.Object)'> (0x0000000712439a98) 
thrown [s\open\src\hotspot\share\interpreter\linkResolver.cpp, line 773]
Event: 0.425 Thread 0x0000022aaf441b80 Exception <a 'java/lang/NoSuchMethodError'{0x00000007125c7660}: 'java.lang.Object java.lang.invoke.DirectMethodHandle$Holder.newInvokeSpecial(java.lang.Object, java.lang.Object, java.lang.Object, java.lang.Object, java.lang.Object)'> (0x00000007125c7660) 
thrown [s\open\src\hotspot\share\interpreter\linkResolver.cpp, line 773]
Event: 0.443 Thread 0x0000022aaf441b80 Exception <a 'java/lang/NoSuchMethodError'{0x00000007122ca878}: 'int java.lang.invoke.DirectMethodHandle$Holder.invokeStaticInit(java.lang.Object, java.lang.Object)'> (0x00000007122ca878) 
thrown [s\open\src\hotspot\share\interpreter\linkResolver.cpp, line 773]
Event: 0.448 Thread 0x0000022aaf441b80 Exception <a 'java/lang/NoClassDefFoundError'{0x0000000712300ba8}: javax/enterprise/inject/Typed> (0x0000000712300ba8) 
thrown [s\open\src\hotspot\share\classfile\systemDictionary.cpp, line 301]

ZGC Phase Switch (0 events):
No events

VM Operations (8 events):
Event: 0.048 Executing VM operation: HandshakeAllThreads (Deoptimize)
Event: 0.064 Executing VM operation: HandshakeAllThreads (Deoptimize) done
Event: 0.175 Executing VM operation: HandshakeAllThreads (Deoptimize)
Event: 0.175 Executing VM operation: HandshakeAllThreads (Deoptimize) done
Event: 0.181 Executing VM operation: HandshakeAllThreads (Deoptimize)
Event: 0.181 Executing VM operation: HandshakeAllThreads (Deoptimize) done
Event: 0.474 Executing VM operation: G1CollectForAllocation (G1 Evacuation Pause)
Event: 0.478 Executing VM operation: G1CollectForAllocation (G1 Evacuation Pause) done

Events (13 events):
Event: 0.020 Thread 0x0000022aaf441b80 Thread added: 0x0000022aaf441b80
Event: 0.030 Thread 0x0000022ad0c4b9a0 Thread added: 0x0000022ad0c4b9a0
Event: 0.030 Thread 0x0000022ad0c4c6b0 Thread added: 0x0000022ad0c4c6b0
Event: 0.030 Thread 0x0000022ad0c4e860 Thread added: 0x0000022ad0c4e860
Event: 0.030 Thread 0x0000022ad0c516b0 Thread added: 0x0000022ad0c516b0
Event: 0.030 Thread 0x0000022ad0c52100 Thread added: 0x0000022ad0c52100
Event: 0.030 Thread 0x0000022ad0c5ab60 Thread added: 0x0000022ad0c5ab60
Event: 0.031 Thread 0x0000022ad0c7ee00 Thread added: 0x0000022ad0c7ee00
Event: 0.031 Thread 0x0000022ad0c7f890 Thread added: 0x0000022ad0c7f890
Event: 0.040 Thread 0x0000022b16145570 Thread added: 0x0000022b16145570
Event: 0.041 Thread 0x0000022b16152800 Thread added: 0x0000022b16152800
Event: 0.177 Thread 0x0000022b163fe2f0 Thread added: 0x0000022b163fe2f0
Event: 0.203 Thread 0x0000022b163fe2f0 Thread exited: 0x0000022b163fe2f0


Dynamic libraries:
0x00007ff7cc060000 - 0x00007ff7cc070000 	C:\Program Files\Java\jdk-21\bin\java.exe
0x00007ffbdf1d0000 - 0x00007ffbdf3e7000 	C:\WINDOWS\SYSTEM32\ntdll.dll
0x00007ffbdced0000 - 0x00007ffbdcf94000 	C:\WINDOWS\System32\KERNEL32.DLL
0x00007ffbdc900000 - 0x00007ffbdccba000 	C:\WINDOWS\System32\KERNELBASE.dll
0x00007ffbdc730000 - 0x00007ffbdc841000 	C:\WINDOWS\System32\ucrtbase.dll
0x00007ffbd5040000 - 0x00007ffbd505b000 	C:\Program Files\Java\jdk-21\bin\VCRUNTIME140.dll
0x00007ffbd5060000 - 0x00007ffbd5079000 	C:\Program Files\Java\jdk-21\bin\jli.dll
0x00007ffbdea30000 - 0x00007ffbdeae2000 	C:\WINDOWS\System32\ADVAPI32.dll
0x00007ffbde800000 - 0x00007ffbde8a7000 	C:\WINDOWS\System32\msvcrt.dll
0x00007ffbded40000 - 0x00007ffbdede7000 	C:\WINDOWS\System32\sechost.dll
0x00007ffbdc8d0000 - 0x00007ffbdc8f8000 	C:\WINDOWS\System32\bcrypt.dll
0x00007ffbdf030000 - 0x00007ffbdf144000 	C:\WINDOWS\System32\RPCRT4.dll
0x00007ffbde4f0000 - 0x00007ffbde69e000 	C:\WINDOWS\System32\USER32.dll
0x00007ffbc3c60000 - 0x00007ffbc3ef2000 	C:\WINDOWS\WinSxS\amd64_microsoft.windows.common-controls_6595b64144ccf1df_6.0.22621.4541_none_2710d1c57384c085\COMCTL32.dll
0x00007ffbdcde0000 - 0x00007ffbdce06000 	C:\WINDOWS\System32\win32u.dll
0x00007ffbdee80000 - 0x00007ffbdeea9000 	C:\WINDOWS\System32\GDI32.dll
0x00007ffbdccc0000 - 0x00007ffbdcddb000 	C:\WINDOWS\System32\gdi32full.dll
0x00007ffbd1550000 - 0x00007ffbd155a000 	C:\WINDOWS\SYSTEM32\VERSION.dll
0x00007ffbdc4a0000 - 0x00007ffbdc53a000 	C:\WINDOWS\System32\msvcp_win.dll
0x00007ffbdf150000 - 0x00007ffbdf181000 	C:\WINDOWS\System32\IMM32.DLL
0x00007ffbd6080000 - 0x00007ffbd608c000 	C:\Program Files\Java\jdk-21\bin\vcruntime140_1.dll
0x00007ffbc0bb0000 - 0x00007ffbc0c3e000 	C:\Program Files\Java\jdk-21\bin\msvcp140.dll
0x00007ffb80d60000 - 0x00007ffb81a7a000 	C:\Program Files\Java\jdk-21\bin\server\jvm.dll
0x00007ffbdee00000 - 0x00007ffbdee71000 	C:\WINDOWS\System32\WS2_32.dll
0x00007ffbdb2f0000 - 0x00007ffbdb33d000 	C:\WINDOWS\SYSTEM32\POWRPROF.dll
0x00007ffbd2cc0000 - 0x00007ffbd2cf4000 	C:\WINDOWS\SYSTEM32\WINMM.dll
0x00007ffbdb2d0000 - 0x00007ffbdb2e3000 	C:\WINDOWS\SYSTEM32\UMPDC.dll
0x00007ffbdb590000 - 0x00007ffbdb5a8000 	C:\WINDOWS\SYSTEM32\kernel.appcore.dll
0x00007ffbc9600000 - 0x00007ffbc960a000 	C:\Program Files\Java\jdk-21\bin\jimage.dll
0x00007ffbd9810000 - 0x00007ffbd9a42000 	C:\WINDOWS\SYSTEM32\DBGHELP.DLL
0x00007ffbdddf0000 - 0x00007ffbde17f000 	C:\WINDOWS\System32\combase.dll
0x00007ffbde340000 - 0x00007ffbde417000 	C:\WINDOWS\System32\OLEAUT32.dll
0x00007ffbd0dc0000 - 0x00007ffbd0df2000 	C:\WINDOWS\SYSTEM32\dbgcore.DLL
0x00007ffbdc850000 - 0x00007ffbdc8cb000 	C:\WINDOWS\System32\bcryptPrimitives.dll
0x00007ffbc84a0000 - 0x00007ffbc84bf000 	C:\Program Files\Java\jdk-21\bin\java.dll
0x00007ffbdd420000 - 0x00007ffbddc98000 	C:\WINDOWS\System32\SHELL32.dll
0x00007ffbda3a0000 - 0x00007ffbdaca8000 	C:\WINDOWS\SYSTEM32\windows.storage.dll
0x00007ffbda260000 - 0x00007ffbda39f000 	C:\WINDOWS\SYSTEM32\wintypes.dll
0x00007ffbde700000 - 0x00007ffbde7fa000 	C:\WINDOWS\System32\SHCORE.dll
0x00007ffbde6a0000 - 0x00007ffbde6fe000 	C:\WINDOWS\System32\shlwapi.dll
0x00007ffbdc3d0000 - 0x00007ffbdc3fb000 	C:\WINDOWS\SYSTEM32\profapi.dll
0x00007ffbbe530000 - 0x00007ffbbe607000 	C:\Program Files\Java\jdk-21\bin\jsvml.dll
0x00007ffbc5860000 - 0x00007ffbc5870000 	C:\Program Files\Java\jdk-21\bin\net.dll
0x00007ffbd6660000 - 0x00007ffbd6796000 	C:\WINDOWS\SYSTEM32\WINHTTP.dll
0x00007ffbdba00000 - 0x00007ffbdba69000 	C:\WINDOWS\system32\mswsock.dll
0x00007ffbc5840000 - 0x00007ffbc5856000 	C:\Program Files\Java\jdk-21\bin\nio.dll
0x00007ffbc5460000 - 0x00007ffbc5478000 	C:\Program Files\Java\jdk-21\bin\zip.dll
0x00007ffbc12f0000 - 0x00007ffbc1314000 	C:\Users\Bruno\.m2\wrapper\dists\apache-maven-3.9.9\977a63e90f436cd6ade95b4c0e10c20c\lib\jansi-native\Windows\x86_64\jansi.dll
0x00007ffbc2b30000 - 0x00007ffbc2b40000 	C:\Program Files\Java\jdk-21\bin\verify.dll

dbghelp: loaded successfully - version: 4.0.5 - missing functions: none
symbol engine: initialized successfully - sym options: 0x614 - pdb path: .;C:\Program Files\Java\jdk-21\bin;C:\WINDOWS\SYSTEM32;C:\WINDOWS\WinSxS\amd64_microsoft.windows.common-controls_6595b64144ccf1df_6.0.22621.4541_none_2710d1c57384c085;C:\Program Files\Java\jdk-21\bin\server;C:\Users\Bruno\.m2\wrapper\dists\apache-maven-3.9.9\977a63e90f436cd6ade95b4c0e10c20c\lib\jansi-native\Windows\x86_64

VM Arguments:
jvm_args: -Dclassworlds.conf=C:\Users\Bruno\.m2\wrapper\dists\apache-maven-3.9.9\977a63e90f436cd6ade95b4c0e10c20c\bin\m2.conf -Dmaven.home=C:\Users\Bruno\.m2\wrapper\dists\apache-maven-3.9.9\977a63e90f436cd6ade95b4c0e10c20c -Dlibrary.jansi.path=C:\Users\Bruno\.m2\wrapper\dists\apache-maven-3.9.9\977a63e90f436cd6ade95b4c0e10c20c\lib\jansi-native -Dmaven.multiModuleProjectDirectory=C:\Users\Bruno\Desktop\ai-image-toolkit\backend 
java_command: org.codehaus.plexus.classworlds.launcher.Launcher spring-boot:run
java_class_path (initial): C:\Users\Bruno\.m2\wrapper\dists\apache-maven-3.9.9\977a63e90f436cd6ade95b4c0e10c20c\boot\plexus-classworlds-2.8.0.jar
Launcher Type: SUN_STANDARD

[Global flags]
     intx CICompilerCount                          = 4                                         {product} {ergonomic}
     uint ConcGCThreads                            = 3                                         {product} {ergonomic}
     uint G1ConcRefinementThreads                  = 10                                        {product} {ergonomic}
   size_t G1HeapRegionSize                         = 2097152                                   {product} {ergonomic}
    uintx GCDrainStackTargetSize                   = 64                                        {product} {ergonomic}
   size_t InitialHeapSize                          = 266338304                                 {product} {ergonomic}
   size_t MarkStackSize                            = 4194304                                   {product} {ergonomic}
   size_t MaxHeapSize                              = 4236247040                                {product} {ergonomic}
   size_t MaxNewSize                               = 2541748224                                {product} {ergonomic}
   size_t MinHeapDeltaBytes                        = 2097152                                   {product} {ergonomic}
   size_t MinHeapSize                              = 8388608                                   {product} {ergonomic}
    uintx NonNMethodCodeHeapSize                   = 5839372                                {pd product} {ergonomic}
    uintx NonProfiledCodeHeapSize                  = 122909434                              {pd product} {ergonomic}
    uintx ProfiledCodeHeapSize                     = 122909434                              {pd product} {ergonomic}
    uintx ReservedCodeCacheSize                    = 251658240                              {pd product} {ergonomic}
     bool SegmentedCodeCache                       = true                                      {product} {ergonomic}
   size_t SoftMaxHeapSize                          = 4236247040                             {manageable} {ergonomic}
     bool UseCompressedOops                        = true                           {product lp64_product} {ergonomic}
     bool UseG1GC                                  = true                                      {product} {ergonomic}
     bool UseLargePagesIndividualAllocation        = false                                  {pd product} {ergonomic}

Logging:
Log output configuration:
 #0: stdout all=warning uptime,level,tags foldmultilines=false
 #1: stderr all=off uptime,level,tags foldmultilines=false

Environment Variables:
JAVA_HOME=C:\Program Files\Java\jdk-21
PATH=C:\Program Files\Java\jdk-21\bin;C:\Program Files (x86)\Common Files\Oracle\Java\javapath;C:\WINDOWS\system32;C:\WINDOWS;C:\WINDOWS\System32\Wbem;C:\WINDOWS\System32\WindowsPowerShell\v1.0\;C:\WINDOWS\System32\OpenSSH\;C:\Program Files\dotnet\;C:\Program Files (x86)\NVIDIA Corporation\PhysX\Common;C:\Program Files\Git\cmd;C:\Program Files\nodejs\;C:\Program Files\NVIDIA Corporation\NVIDIA app\NvDLISR;C:\Program Files\Docker\Docker\resources\bin;C:\Program Files\Java\jdk-21\bin;C:\Users\Bruno\AppData\Local\Programs\Python\Python312\Scripts\;C:\Users\Bruno\AppData\Local\Programs\Python\Python312\;C:\Users\Bruno\AppData\Local\Microsoft\WindowsApps;C:\Users\Bruno\AppData\Local\Programs\Microsoft VS Code\bin;C:\Users\Bruno\AppData\Roaming\npm;C:\Program Files\apache-maven-3.9.9\bin;C:\Program Files\Tesseract-OCR;
USERNAME=Bruno
OS=Windows_NT
PROCESSOR_IDENTIFIER=Intel64 Family 6 Model 141 Stepping 1, GenuineIntel
TMP=C:\Users\Bruno\AppData\Local\Temp
TEMP=C:\Users\Bruno\AppData\Local\Temp




Periodic native trim disabled

---------------  S Y S T E M  ---------------

OS:
 Windows 11 , 64 bit Build 22621 (10.0.22621.4391)
OS uptime: 0 days 5:18 hours
Hyper-V role detected

CPU: total 12 (initial active 12) (6 cores per cpu, 2 threads per core) family 6 model 141 stepping 1 microcode 0x50, cx8, cmov, fxsr, ht, mmx, 3dnowpref, sse, sse2, sse3, ssse3, sse4.1, sse4.2, popcnt, lzcnt, tsc, tscinvbit, avx, avx2, aes, erms, clmul, bmi1, bmi2, adx, avx512f, avx512dq, avx512cd, avx512bw, avx512vl, sha, fma, vzeroupper, avx512_vpopcntdq, avx512_vpclmulqdq, avx512_vaes, avx512_vnni, clflush, clflushopt, clwb, avx512_vbmi2, avx512_vbmi, hv, rdtscp, rdpid, fsrm, gfni, avx512_bitalg, f16c, cet_ibt, cet_ss, avx512_ifma
Processor Information for all 12 processors :
  Max Mhz: 2688, Current Mhz: 2688, Mhz Limit: 2688

Memory: 4k page, system-wide physical 16154M (360M free)
TotalPageFile size 19069M (AvailPageFile size 5M)
current process WorkingSet (physical memory assigned to process): 83M, peak: 83M
current process commit charge ("private bytes"): 360M, peak: 361M

vm_info: Java HotSpot(TM) 64-Bit Server VM (21.0.7+8-LTS-245) for windows-amd64 JRE (21.0.7+8-LTS-245), built on 2025-02-21T05:11:27Z by "mach5one" with MS VC++ 17.6 (VS2022)

END.
